<?xml version="1.0" encoding="UTF-8"?>
<!-- Generated by org.testng.reporters.JUnitReportReporter -->
<testsuite skipped="0" hostname="Siddharth-PC" name="com.crm.qa.testcases.ContactsPageTest" tests="6" failures="0" timestamp="27 Nov 2018 04:54:09 GMT" time="301.677" errors="0">
  <testcase name="verifyContactPageLabel" time="46.535" classname="com.crm.qa.testcases.ContactsPageTest"/>
  <testcase name="selectSingleContactTest" time="46.098" classname="com.crm.qa.testcases.ContactsPageTest"/>
  <testcase name="selectMultipleContactTest" time="50.377" classname="com.crm.qa.testcases.ContactsPageTest"/>
  <testcase name="validateCreateNewContactLink" time="57.282" classname="com.crm.qa.testcases.ContactsPageTest"/>
  <testcase name="validateCreateNewContactLink" time="50.352" classname="com.crm.qa.testcases.ContactsPageTest"/>
  <testcase name="validateCreateNewContactLink" time="51.033" classname="com.crm.qa.testcases.ContactsPageTest"/>
</testsuite> <!-- com.crm.qa.testcases.ContactsPageTest -->
