<?xml version="1.0" encoding="UTF-8"?>
<!-- Generated by org.testng.reporters.JUnitReportReporter -->
<testsuite skipped="0" hostname="Siddharth-PC" name="com.crm.qa.testcases.LoginPageTest" tests="3" failures="0" timestamp="27 Nov 2018 04:54:09 GMT" time="101.618" errors="0">
  <testcase name="loginPageTitleTest" time="27.472" classname="com.crm.qa.testcases.LoginPageTest"/>
  <testcase name="crmLogoImageTest" time="29.055" classname="com.crm.qa.testcases.LoginPageTest"/>
  <testcase name="loginTest" time="45.091" classname="com.crm.qa.testcases.LoginPageTest"/>
</testsuite> <!-- com.crm.qa.testcases.LoginPageTest -->
