<?xml version="1.0" encoding="UTF-8"?>
<!-- Generated by org.testng.reporters.JUnitReportReporter -->
<testsuite skipped="0" hostname="Siddharth-PC" name="com.crm.qa.testcases.HomePageTest" tests="3" failures="0" timestamp="27 Nov 2018 04:54:09 GMT" time="118.403" errors="0">
  <testcase name="verifyHomePageTitleTest" time="37.498" classname="com.crm.qa.testcases.HomePageTest"/>
  <testcase name="verifyUserNameTest" time="38.577" classname="com.crm.qa.testcases.HomePageTest"/>
  <testcase name="veifyContactLinkTest" time="42.328" classname="com.crm.qa.testcases.HomePageTest"/>
</testsuite> <!-- com.crm.qa.testcases.HomePageTest -->
