<?xml version="1.0" encoding="UTF-8"?>
<!-- Generated by org.testng.reporters.JUnitReportReporter -->
<testsuite skipped="0" hostname="Siddharth-PC" name="com.crm.qa.testcases.LoginPageTest" tests="3" failures="0" timestamp="27 Nov 2018 06:33:50 GMT" time="107.526" errors="0">
  <testcase name="loginPageTitleTest" time="29.197" classname="com.crm.qa.testcases.LoginPageTest"/>
  <testcase name="crmLogoImageTest" time="32.242" classname="com.crm.qa.testcases.LoginPageTest"/>
  <testcase name="loginTest" time="46.087" classname="com.crm.qa.testcases.LoginPageTest"/>
</testsuite> <!-- com.crm.qa.testcases.LoginPageTest -->
