<?xml version="1.0" encoding="UTF-8"?>
<!-- Generated by org.testng.reporters.JUnitReportReporter -->
<testsuite skipped="0" hostname="Siddharth-PC" name="com.crm.qa.testcases.ContactsPageTest" tests="6" failures="0" timestamp="27 Nov 2018 06:33:50 GMT" time="354.456" errors="0">
  <testcase name="verifyContactPageLabel" time="78.708" classname="com.crm.qa.testcases.ContactsPageTest"/>
  <testcase name="selectSingleContactTest" time="47.677" classname="com.crm.qa.testcases.ContactsPageTest"/>
  <testcase name="selectMultipleContactTest" time="50.056" classname="com.crm.qa.testcases.ContactsPageTest"/>
  <testcase name="validateCreateNewContactLink" time="61.708" classname="com.crm.qa.testcases.ContactsPageTest"/>
  <testcase name="validateCreateNewContactLink" time="60.086" classname="com.crm.qa.testcases.ContactsPageTest"/>
  <testcase name="validateCreateNewContactLink" time="56.221" classname="com.crm.qa.testcases.ContactsPageTest"/>
</testsuite> <!-- com.crm.qa.testcases.ContactsPageTest -->
