<?xml version="1.0" encoding="UTF-8"?>
<!-- Generated by org.testng.reporters.JUnitReportReporter -->
<testsuite skipped="0" hostname="Siddharth-PC" name="com.crm.qa.testcases.HomePageTest" tests="3" failures="0" timestamp="27 Nov 2018 06:33:50 GMT" time="139.609" errors="0">
  <testcase name="verifyHomePageTitleTest" time="46.053" classname="com.crm.qa.testcases.HomePageTest"/>
  <testcase name="verifyUserNameTest" time="47.374" classname="com.crm.qa.testcases.HomePageTest"/>
  <testcase name="veifyContactLinkTest" time="46.182" classname="com.crm.qa.testcases.HomePageTest"/>
</testsuite> <!-- com.crm.qa.testcases.HomePageTest -->
